# JRE version: OpenJDK Runtime Environment (17.0.6) (build 17.0.6+0-b2043.56-9586694)
# Java VM: OpenJDK 64-Bit Server VM (17.0.6+0-b2043.56-9586694, mixed mode, tiered, compressed oops, compressed class ptrs, g1 gc, windows-amd64)
GC Precious Log:
 CPUs: 8 total, 8 available
 Memory: 15984M
 Large Page Support: Disabled
 NUMA Support: Disabled
 Compressed Oops: Enabled (Zero based)
 Heap Region Size: 2M
 Heap Min Capacity: 8M
 Heap Initial Capacity: 250M
 Heap Max Capacity: 3998M
 Pre-touch: Disabled
 Parallel Workers: 8
 Concurrent Workers: 2
 Concurrent Refinement Workers: 8
 Periodic GC: Disabled
Heap:
 garbage-first heap   total 155648K, used 92902K [0x0000000706200000, 0x0000000800000000)
  region size 2048K, 33 young (67584K), 1 survivors (2048K)
 Metaspace       used 47822K, committed 48064K, reserved 1097728K
  class space    used 5719K, committed 5824K, reserved 1048576K
GC Heap History (20 events):
Event: 2.447 GC heap before
{Heap before GC invocations=0 (full 0):
 garbage-first heap   total 256000K, used 24576K [0x0000000706200000, 0x0000000800000000)
  region size 2048K, 11 young (22528K), 0 survivors (0K)
 Metaspace       used 12776K, committed 12928K, reserved 1064960K
  class space    used 1216K, committed 1280K, reserved 1048576K
}
Event: 2.584 GC heap after
{Heap after GC invocations=1 (full 0):
 garbage-first heap   total 256000K, used 6698K [0x0000000706200000, 0x0000000800000000)
  region size 2048K, 2 young (4096K), 2 survivors (4096K)
 Metaspace       used 12776K, committed 12928K, reserved 1064960K
  class space    used 1216K, committed 1280K, reserved 1048576K
}
Event: 4.105 GC heap before
{Heap before GC invocations=1 (full 0):
 garbage-first heap   total 256000K, used 37418K [0x0000000706200000, 0x0000000800000000)
  region size 2048K, 17 young (34816K), 2 survivors (4096K)
 Metaspace       used 18778K, committed 18944K, reserved 1073152K
  class space    used 1983K, committed 2048K, reserved 1048576K
}
Event: 4.114 GC heap after
{Heap after GC invocations=2 (full 0):
 garbage-first heap   total 256000K, used 9960K [0x0000000706200000, 0x0000000800000000)
  region size 2048K, 3 young (6144K), 3 survivors (6144K)
 Metaspace       used 18778K, committed 18944K, reserved 1073152K
  class space    used 1983K, committed 2048K, reserved 1048576K
}
Event: 4.528 GC heap before
{Heap before GC invocations=2 (full 0):
 garbage-first heap   total 256000K, used 16104K [0x0000000706200000, 0x0000000800000000)
  region size 2048K, 7 young (14336K), 3 survivors (6144K)
 Metaspace       used 21355K, committed 21504K, reserved 1073152K
  class space    used 2373K, committed 2432K, reserved 1048576K
}
Event: 4.534 GC heap after
{Heap after GC invocations=3 (full 0):
 garbage-first heap   total 256000K, used 10778K [0x0000000706200000, 0x0000000800000000)
  region size 2048K, 4 young (8192K), 4 survivors (8192K)
 Metaspace       used 21355K, committed 21504K, reserved 1073152K
  class space    used 2373K, committed 2432K, reserved 1048576K
}
Event: 5.660 GC heap before
{Heap before GC invocations=4 (full 0):
 garbage-first heap   total 49152K, used 35354K [0x0000000706200000, 0x0000000800000000)
  region size 2048K, 15 young (30720K), 4 survivors (8192K)
 Metaspace       used 28165K, committed 28416K, reserved 1081344K
  class space    used 3150K, committed 3264K, reserved 1048576K
}
Event: 5.673 GC heap after
{Heap after GC invocations=5 (full 0):
 garbage-first heap   total 49152K, used 16911K [0x0000000706200000, 0x0000000800000000)
  region size 2048K, 5 young (10240K), 5 survivors (10240K)
 Metaspace       used 28165K, committed 28416K, reserved 1081344K
  class space    used 3150K, committed 3264K, reserved 1048576K
}
Event: 7.157 GC heap before
{Heap before GC invocations=5 (full 0):
 garbage-first heap   total 49152K, used 31247K [0x0000000706200000, 0x0000000800000000)
  region size 2048K, 12 young (24576K), 5 survivors (10240K)
 Metaspace       used 32870K, committed 33152K, reserved 1081344K
  class space    used 4005K, committed 4096K, reserved 1048576K
}
Event: 7.172 GC heap after
{Heap after GC invocations=6 (full 0):
 garbage-first heap   total 49152K, used 17939K [0x0000000706200000, 0x0000000800000000)
  region size 2048K, 2 young (4096K), 2 survivors (4096K)
 Metaspace       used 32870K, committed 33152K, reserved 1081344K
  class space    used 4005K, committed 4096K, reserved 1048576K
}
Event: 9.296 GC heap before
{Heap before GC invocations=6 (full 0):
 garbage-first heap   total 49152K, used 32275K [0x0000000706200000, 0x0000000800000000)
  region size 2048K, 10 young (20480K), 2 survivors (4096K)
 Metaspace       used 33614K, committed 33920K, reserved 1081344K
  class space    used 4074K, committed 4224K, reserved 1048576K
}
Event: 9.314 GC heap after
{Heap after GC invocations=7 (full 0):
 garbage-first heap   total 49152K, used 21612K [0x0000000706200000, 0x0000000800000000)
  region size 2048K, 2 young (4096K), 2 survivors (4096K)
 Metaspace       used 33614K, committed 33920K, reserved 1081344K
  class space    used 4074K, committed 4224K, reserved 1048576K
}
Event: 9.864 GC heap before
{Heap before GC invocations=7 (full 0):
 garbage-first heap   total 49152K, used 35948K [0x0000000706200000, 0x0000000800000000)
  region size 2048K, 8 young (16384K), 2 survivors (4096K)
 Metaspace       used 33726K, committed 34112K, reserved 1081344K
  class space    used 4074K, committed 4224K, reserved 1048576K
}
Event: 9.886 GC heap after
{Heap after GC invocations=8 (full 0):
 garbage-first heap   total 49152K, used 26902K [0x0000000706200000, 0x0000000800000000)
  region size 2048K, 1 young (2048K), 1 survivors (2048K)
 Metaspace       used 33726K, committed 34112K, reserved 1081344K
  class space    used 4074K, committed 4224K, reserved 1048576K
}
Event: 10.145 GC heap before
{Heap before GC invocations=8 (full 0):
 garbage-first heap   total 49152K, used 35094K [0x0000000706200000, 0x0000000800000000)
  region size 2048K, 5 young (10240K), 1 survivors (2048K)
 Metaspace       used 34023K, committed 34304K, reserved 1081344K
  class space    used 4103K, committed 4224K, reserved 1048576K
}
Event: 10.158 GC heap after
{Heap after GC invocations=9 (full 0):
 garbage-first heap   total 49152K, used 29120K [0x0000000706200000, 0x0000000800000000)
  region size 2048K, 1 young (2048K), 1 survivors (2048K)
 Metaspace       used 34023K, committed 34304K, reserved 1081344K
  class space    used 4103K, committed 4224K, reserved 1048576K
}
Event: 10.321 GC heap before
{Heap before GC invocations=10 (full 0):
 garbage-first heap   total 55296K, used 35264K [0x0000000706200000, 0x0000000800000000)
  region size 2048K, 4 young (8192K), 1 survivors (2048K)
 Metaspace       used 34112K, committed 34432K, reserved 1081344K
  class space    used 4116K, committed 4288K, reserved 1048576K
}
Event: 10.328 GC heap after
{Heap after GC invocations=11 (full 0):
 garbage-first heap   total 55296K, used 29896K [0x0000000706200000, 0x0000000800000000)
  region size 2048K, 1 young (2048K), 1 survivors (2048K)
 Metaspace       used 34112K, committed 34432K, reserved 1081344K
  class space    used 4116K, committed 4288K, reserved 1048576K
}
Event: 10.777 GC heap before
{Heap before GC invocations=11 (full 0):
 garbage-first heap   total 55296K, used 31944K [0x0000000706200000, 0x0000000800000000)
  region size 2048K, 2 young (4096K), 1 survivors (2048K)
 Metaspace       used 34406K, committed 34688K, reserved 1081344K
  class space    used 4146K, committed 4288K, reserved 1048576K
}
Event: 10.784 GC heap after
{Heap after GC invocations=12 (full 0):
 garbage-first heap   total 155648K, used 29414K [0x0000000706200000, 0x0000000800000000)
  region size 2048K, 1 young (2048K), 1 survivors (2048K)
 Metaspace       used 34406K, committed 34688K, reserved 1081344K
  class space    used 4146K, committed 4288K, reserved 1048576K
}

