# JRE version: OpenJDK Runtime Environment (17.0.6) (build 17.0.6+0-b2043.56-9586694)
# Java VM: OpenJDK 64-Bit Server VM (17.0.6+0-b2043.56-9586694, mixed mode, tiered, compressed oops, compressed class ptrs, g1 gc, windows-amd64)
GC Precious Log:
 CPUs: 8 total, 8 available
 Memory: 15984M
 Large Page Support: Disabled
 NUMA Support: Disabled
 Compressed Oops: Enabled (Zero based)
 Heap Region Size: 2M
 Heap Min Capacity: 8M
 Heap Initial Capacity: 250M
 Heap Max Capacity: 3998M
 Pre-touch: Disabled
 Parallel Workers: 8
 Concurrent Workers: 2
 Concurrent Refinement Workers: 8
 Periodic GC: Disabled
Heap:
 garbage-first heap   total 110592K, used 46328K [0x0000000706200000, 0x0000000800000000)
  region size 2048K, 7 young (14336K), 1 survivors (2048K)
 Metaspace       used 47414K, committed 47680K, reserved 1097728K
  class space    used 5677K, committed 5824K, reserved 1048576K
GC Heap History (18 events):
Event: 2.470 GC heap before
{Heap before GC invocations=0 (full 0):
 garbage-first heap   total 256000K, used 24576K [0x0000000706200000, 0x0000000800000000)
  region size 2048K, 11 young (22528K), 0 survivors (0K)
 Metaspace       used 12835K, committed 12992K, reserved 1064960K
  class space    used 1220K, committed 1280K, reserved 1048576K
}
Event: 2.546 GC heap after
{Heap after GC invocations=1 (full 0):
 garbage-first heap   total 256000K, used 6711K [0x0000000706200000, 0x0000000800000000)
  region size 2048K, 2 young (4096K), 2 survivors (4096K)
 Metaspace       used 12835K, committed 12992K, reserved 1064960K
  class space    used 1220K, committed 1280K, reserved 1048576K
}
Event: 4.228 GC heap before
{Heap before GC invocations=1 (full 0):
 garbage-first heap   total 256000K, used 37431K [0x0000000706200000, 0x0000000800000000)
  region size 2048K, 17 young (34816K), 2 survivors (4096K)
 Metaspace       used 19857K, committed 20032K, reserved 1073152K
  class space    used 2147K, committed 2240K, reserved 1048576K
}
Event: 4.235 GC heap after
{Heap after GC invocations=2 (full 0):
 garbage-first heap   total 256000K, used 10057K [0x0000000706200000, 0x0000000800000000)
  region size 2048K, 3 young (6144K), 3 survivors (6144K)
 Metaspace       used 19857K, committed 20032K, reserved 1073152K
  class space    used 2147K, committed 2240K, reserved 1048576K
}
Event: 4.482 GC heap before
{Heap before GC invocations=2 (full 0):
 garbage-first heap   total 256000K, used 16201K [0x0000000706200000, 0x0000000800000000)
  region size 2048K, 7 young (14336K), 3 survivors (6144K)
 Metaspace       used 21274K, committed 21504K, reserved 1073152K
  class space    used 2312K, committed 2432K, reserved 1048576K
}
Event: 4.489 GC heap after
{Heap after GC invocations=3 (full 0):
 garbage-first heap   total 256000K, used 10796K [0x0000000706200000, 0x0000000800000000)
  region size 2048K, 4 young (8192K), 4 survivors (8192K)
 Metaspace       used 21274K, committed 21504K, reserved 1073152K
  class space    used 2312K, committed 2432K, reserved 1048576K
}
Event: 5.647 GC heap before
{Heap before GC invocations=4 (full 0):
 garbage-first heap   total 49152K, used 35372K [0x0000000706200000, 0x0000000800000000)
  region size 2048K, 15 young (30720K), 4 survivors (8192K)
 Metaspace       used 28005K, committed 28288K, reserved 1081344K
  class space    used 3072K, committed 3200K, reserved 1048576K
}
Event: 5.659 GC heap after
{Heap after GC invocations=5 (full 0):
 garbage-first heap   total 49152K, used 16898K [0x0000000706200000, 0x0000000800000000)
  region size 2048K, 5 young (10240K), 5 survivors (10240K)
 Metaspace       used 28005K, committed 28288K, reserved 1081344K
  class space    used 3072K, committed 3200K, reserved 1048576K
}
Event: 6.821 GC heap before
{Heap before GC invocations=5 (full 0):
 garbage-first heap   total 49152K, used 29186K [0x0000000706200000, 0x0000000800000000)
  region size 2048K, 12 young (24576K), 5 survivors (10240K)
 Metaspace       used 32813K, committed 33088K, reserved 1081344K
  class space    used 4040K, committed 4160K, reserved 1048576K
}
Event: 6.836 GC heap after
{Heap after GC invocations=6 (full 0):
 garbage-first heap   total 49152K, used 18024K [0x0000000706200000, 0x0000000800000000)
  region size 2048K, 2 young (4096K), 2 survivors (4096K)
 Metaspace       used 32813K, committed 33088K, reserved 1081344K
  class space    used 4040K, committed 4160K, reserved 1048576K
}
Event: 8.915 GC heap before
{Heap before GC invocations=6 (full 0):
 garbage-first heap   total 49152K, used 36456K [0x0000000706200000, 0x0000000800000000)
  region size 2048K, 10 young (20480K), 2 survivors (4096K)
 Metaspace       used 33685K, committed 33984K, reserved 1081344K
  class space    used 4102K, committed 4224K, reserved 1048576K
}
Event: 8.935 GC heap after
{Heap after GC invocations=7 (full 0):
 garbage-first heap   total 153600K, used 21225K [0x0000000706200000, 0x0000000800000000)
  region size 2048K, 2 young (4096K), 2 survivors (4096K)
 Metaspace       used 33685K, committed 33984K, reserved 1081344K
  class space    used 4102K, committed 4224K, reserved 1048576K
}
Event: 10.258 GC heap before
{Heap before GC invocations=7 (full 0):
 garbage-first heap   total 153600K, used 43753K [0x0000000706200000, 0x0000000800000000)
  region size 2048K, 13 young (26624K), 2 survivors (4096K)
 Metaspace       used 35762K, committed 35968K, reserved 1081344K
  class space    used 4536K, committed 4608K, reserved 1048576K
}
Event: 10.276 GC heap after
{Heap after GC invocations=8 (full 0):
 garbage-first heap   total 153600K, used 27631K [0x0000000706200000, 0x0000000800000000)
  region size 2048K, 5 young (10240K), 5 survivors (10240K)
 Metaspace       used 35762K, committed 35968K, reserved 1081344K
  class space    used 4536K, committed 4608K, reserved 1048576K
}
Event: 13.136 GC heap before
{Heap before GC invocations=9 (full 0):
 garbage-first heap   total 110592K, used 84975K [0x0000000706200000, 0x0000000800000000)
  region size 2048K, 32 young (65536K), 5 survivors (10240K)
 Metaspace       used 44787K, committed 45056K, reserved 1089536K
  class space    used 5425K, committed 5568K, reserved 1048576K
}
Event: 13.174 GC heap after
{Heap after GC invocations=10 (full 0):
 garbage-first heap   total 110592K, used 35461K [0x0000000706200000, 0x0000000800000000)
  region size 2048K, 4 young (8192K), 4 survivors (8192K)
 Metaspace       used 44787K, committed 45056K, reserved 1089536K
  class space    used 5425K, committed 5568K, reserved 1048576K
}
Event: 13.261 GC heap before
{Heap before GC invocations=10 (full 0):
 garbage-first heap   total 110592K, used 37509K [0x0000000706200000, 0x0000000800000000)
  region size 2048K, 5 young (10240K), 4 survivors (8192K)
 Metaspace       used 45178K, committed 45504K, reserved 1089536K
  class space    used 5468K, committed 5632K, reserved 1048576K
}
Event: 13.278 GC heap after
{Heap after GC invocations=11 (full 0):
 garbage-first heap   total 110592K, used 36088K [0x0000000706200000, 0x0000000800000000)
  region size 2048K, 1 young (2048K), 1 survivors (2048K)
 Metaspace       used 45178K, committed 45504K, reserved 1089536K
  class space    used 5468K, committed 5632K, reserved 1048576K
}

