# JRE version: OpenJDK Runtime Environment (17.0.6) (build 17.0.6+0-b2043.56-9586694)
# Java VM: OpenJDK 64-Bit Server VM (17.0.6+0-b2043.56-9586694, mixed mode, tiered, compressed oops, compressed class ptrs, g1 gc, windows-amd64)
GC Precious Log:
 CPUs: 8 total, 8 available
 Memory: 15984M
 Large Page Support: Disabled
 NUMA Support: Disabled
 Compressed Oops: Enabled (Zero based)
 Heap Region Size: 2M
 Heap Min Capacity: 8M
 Heap Initial Capacity: 250M
 Heap Max Capacity: 3096M
 Pre-touch: Disabled
 Parallel Workers: 8
 Concurrent Workers: 2
 Concurrent Refinement Workers: 8
 Periodic GC: Disabled
Heap:
 garbage-first heap   total 694272K, used 448267K [0x000000073e800000, 0x0000000800000000)
  region size 2048K, 45 young (92160K), 5 survivors (10240K)
 Metaspace       used 160402K, committed 162176K, reserved 1196032K
  class space    used 21188K, committed 22016K, reserved 1048576K
GC Heap History (20 events):
Event: 46.397 GC heap before
{Heap before GC invocations=50 (full 0):
 garbage-first heap   total 638976K, used 485895K [0x000000073e800000, 0x0000000800000000)
  region size 2048K, 113 young (231424K), 7 survivors (14336K)
 Metaspace       used 129879K, committed 131520K, reserved 1163264K
  class space    used 17187K, committed 17920K, reserved 1048576K
}
Event: 46.420 GC heap after
{Heap after GC invocations=51 (full 0):
 garbage-first heap   total 638976K, used 278568K [0x000000073e800000, 0x0000000800000000)
  region size 2048K, 15 young (30720K), 15 survivors (30720K)
 Metaspace       used 129879K, committed 131520K, reserved 1163264K
  class space    used 17187K, committed 17920K, reserved 1048576K
}
Event: 48.089 GC heap before
{Heap before GC invocations=51 (full 0):
 garbage-first heap   total 638976K, used 491560K [0x000000073e800000, 0x0000000800000000)
  region size 2048K, 120 young (245760K), 15 survivors (30720K)
 Metaspace       used 130225K, committed 131840K, reserved 1163264K
  class space    used 17195K, committed 17920K, reserved 1048576K
}
Event: 48.109 GC heap after
{Heap after GC invocations=52 (full 0):
 garbage-first heap   total 638976K, used 282484K [0x000000073e800000, 0x0000000800000000)
  region size 2048K, 7 young (14336K), 7 survivors (14336K)
 Metaspace       used 130225K, committed 131840K, reserved 1163264K
  class space    used 17195K, committed 17920K, reserved 1048576K
}
Event: 49.720 GC heap before
{Heap before GC invocations=52 (full 0):
 garbage-first heap   total 638976K, used 507764K [0x000000073e800000, 0x0000000800000000)
  region size 2048K, 116 young (237568K), 7 survivors (14336K)
 Metaspace       used 133657K, committed 135296K, reserved 1171456K
  class space    used 17583K, committed 18368K, reserved 1048576K
}
Event: 49.737 GC heap after
{Heap after GC invocations=53 (full 0):
 garbage-first heap   total 638976K, used 291434K [0x000000073e800000, 0x0000000800000000)
  region size 2048K, 11 young (22528K), 11 survivors (22528K)
 Metaspace       used 133657K, committed 135296K, reserved 1171456K
  class space    used 17583K, committed 18368K, reserved 1048576K
}
Event: 51.736 GC heap before
{Heap before GC invocations=53 (full 0):
 garbage-first heap   total 638976K, used 510570K [0x000000073e800000, 0x0000000800000000)
  region size 2048K, 119 young (243712K), 11 survivors (22528K)
 Metaspace       used 137582K, committed 139264K, reserved 1171456K
  class space    used 18087K, committed 18880K, reserved 1048576K
}
Event: 51.758 GC heap after
{Heap after GC invocations=54 (full 0):
 garbage-first heap   total 638976K, used 303797K [0x000000073e800000, 0x0000000800000000)
  region size 2048K, 13 young (26624K), 13 survivors (26624K)
 Metaspace       used 137582K, committed 139264K, reserved 1171456K
  class space    used 18087K, committed 18880K, reserved 1048576K
}
Event: 53.484 GC heap before
{Heap before GC invocations=54 (full 0):
 garbage-first heap   total 638976K, used 516789K [0x000000073e800000, 0x0000000800000000)
  region size 2048K, 117 young (239616K), 13 survivors (26624K)
 Metaspace       used 142595K, committed 144320K, reserved 1179648K
  class space    used 18687K, committed 19456K, reserved 1048576K
}
Event: 53.512 GC heap after
{Heap after GC invocations=55 (full 0):
 garbage-first heap   total 638976K, used 327810K [0x000000073e800000, 0x0000000800000000)
  region size 2048K, 15 young (30720K), 15 survivors (30720K)
 Metaspace       used 142595K, committed 144320K, reserved 1179648K
  class space    used 18687K, committed 19456K, reserved 1048576K
}
Event: 56.686 GC heap before
{Heap before GC invocations=55 (full 0):
 garbage-first heap   total 638976K, used 520322K [0x000000073e800000, 0x0000000800000000)
  region size 2048K, 107 young (219136K), 15 survivors (30720K)
 Metaspace       used 146650K, committed 148352K, reserved 1179648K
  class space    used 19194K, committed 20032K, reserved 1048576K
}
Event: 56.730 GC heap after
{Heap after GC invocations=56 (full 0):
 garbage-first heap   total 638976K, used 362666K [0x000000073e800000, 0x0000000800000000)
  region size 2048K, 14 young (28672K), 14 survivors (28672K)
 Metaspace       used 146650K, committed 148352K, reserved 1179648K
  class space    used 19194K, committed 20032K, reserved 1048576K
}
Event: 58.851 GC heap before
{Heap before GC invocations=56 (full 0):
 garbage-first heap   total 638976K, used 465066K [0x000000073e800000, 0x0000000800000000)
  region size 2048K, 65 young (133120K), 14 survivors (28672K)
 Metaspace       used 154687K, committed 156416K, reserved 1187840K
  class space    used 20376K, committed 21184K, reserved 1048576K
}
Event: 58.888 GC heap after
{Heap after GC invocations=57 (full 0):
 garbage-first heap   total 638976K, used 390672K [0x000000073e800000, 0x0000000800000000)
  region size 2048K, 11 young (22528K), 11 survivors (22528K)
 Metaspace       used 154687K, committed 156416K, reserved 1187840K
  class space    used 20376K, committed 21184K, reserved 1048576K
}
Event: 61.151 GC heap before
{Heap before GC invocations=58 (full 0):
 garbage-first heap   total 694272K, used 519696K [0x000000073e800000, 0x0000000800000000)
  region size 2048K, 67 young (137216K), 11 survivors (22528K)
 Metaspace       used 158046K, committed 159808K, reserved 1187840K
  class space    used 20925K, committed 21760K, reserved 1048576K
}
Event: 61.175 GC heap after
{Heap after GC invocations=59 (full 0):
 garbage-first heap   total 694272K, used 407941K [0x000000073e800000, 0x0000000800000000)
  region size 2048K, 8 young (16384K), 8 survivors (16384K)
 Metaspace       used 158046K, committed 159808K, reserved 1187840K
  class space    used 20925K, committed 21760K, reserved 1048576K
}
Event: 61.377 GC heap before
{Heap before GC invocations=59 (full 0):
 garbage-first heap   total 694272K, used 424325K [0x000000073e800000, 0x0000000800000000)
  region size 2048K, 16 young (32768K), 8 survivors (16384K)
 Metaspace       used 158227K, committed 159936K, reserved 1187840K
  class space    used 20933K, committed 21760K, reserved 1048576K
}
Event: 61.406 GC heap after
{Heap after GC invocations=60 (full 0):
 garbage-first heap   total 694272K, used 368891K [0x000000073e800000, 0x0000000800000000)
  region size 2048K, 2 young (4096K), 2 survivors (4096K)
 Metaspace       used 158227K, committed 159936K, reserved 1187840K
  class space    used 20933K, committed 21760K, reserved 1048576K
}
Event: 64.562 GC heap before
{Heap before GC invocations=60 (full 0):
 garbage-first heap   total 694272K, used 602363K [0x000000073e800000, 0x0000000800000000)
  region size 2048K, 91 young (186368K), 2 survivors (4096K)
 Metaspace       used 160146K, committed 161920K, reserved 1196032K
  class space    used 21164K, committed 22016K, reserved 1048576K
}
Event: 64.575 GC heap after
{Heap after GC invocations=61 (full 0):
 garbage-first heap   total 694272K, used 372491K [0x000000073e800000, 0x0000000800000000)
  region size 2048K, 5 young (10240K), 5 survivors (10240K)
 Metaspace       used 160146K, committed 161920K, reserved 1196032K
  class space    used 21164K, committed 22016K, reserved 1048576K
}

