# JRE version: OpenJDK Runtime Environment (17.0.6) (build 17.0.6+0-b2043.56-9586694)
# Java VM: OpenJDK 64-Bit Server VM (17.0.6+0-b2043.56-9586694, mixed mode, tiered, compressed oops, compressed class ptrs, g1 gc, windows-amd64)
GC Precious Log:
 CPUs: 8 total, 8 available
 Memory: 15984M
 Large Page Support: Disabled
 NUMA Support: Disabled
 Compressed Oops: Enabled (Zero based)
 Heap Region Size: 2M
 Heap Min Capacity: 8M
 Heap Initial Capacity: 250M
 Heap Max Capacity: 3096M
 Pre-touch: Disabled
 Parallel Workers: 8
 Concurrent Workers: 2
 Concurrent Refinement Workers: 8
 Periodic GC: Disabled
Heap:
 garbage-first heap   total 319488K, used 187776K [0x000000073e800000, 0x0000000800000000)
  region size 2048K, 5 young (10240K), 5 survivors (10240K)
 Metaspace       used 107931K, committed 109056K, reserved 1146880K
  class space    used 14759K, committed 15296K, reserved 1048576K
GC Heap History (20 events):
Event: 11.149 GC heap after
{Heap after GC invocations=37 (full 0):
 garbage-first heap   total 141312K, used 77518K [0x000000073e800000, 0x0000000800000000)
  region size 2048K, 1 young (2048K), 1 survivors (2048K)
 Metaspace       used 71986K, committed 72576K, reserved 1114112K
  class space    used 9350K, committed 9600K, reserved 1048576K
}
Event: 11.717 GC heap before
{Heap before GC invocations=37 (full 0):
 garbage-first heap   total 141312K, used 110286K [0x000000073e800000, 0x0000000800000000)
  region size 2048K, 17 young (34816K), 1 survivors (2048K)
 Metaspace       used 74673K, committed 75264K, reserved 1122304K
  class space    used 9719K, committed 9984K, reserved 1048576K
}
Event: 11.723 GC heap after
{Heap after GC invocations=38 (full 0):
 garbage-first heap   total 319488K, used 80114K [0x000000073e800000, 0x0000000800000000)
  region size 2048K, 2 young (4096K), 2 survivors (4096K)
 Metaspace       used 74673K, committed 75264K, reserved 1122304K
  class space    used 9719K, committed 9984K, reserved 1048576K
}
Event: 14.362 GC heap before
{Heap before GC invocations=39 (full 0):
 garbage-first heap   total 301056K, used 241906K [0x000000073e800000, 0x0000000800000000)
  region size 2048K, 81 young (165888K), 2 survivors (4096K)
 Metaspace       used 85650K, committed 86272K, reserved 1130496K
  class space    used 11438K, committed 11712K, reserved 1048576K
}
Event: 14.377 GC heap after
{Heap after GC invocations=40 (full 0):
 garbage-first heap   total 301056K, used 93909K [0x000000073e800000, 0x0000000800000000)
  region size 2048K, 9 young (18432K), 9 survivors (18432K)
 Metaspace       used 85650K, committed 86272K, reserved 1130496K
  class space    used 11438K, committed 11712K, reserved 1048576K
}
Event: 14.408 GC heap before
{Heap before GC invocations=40 (full 0):
 garbage-first heap   total 301056K, used 93909K [0x000000073e800000, 0x0000000800000000)
  region size 2048K, 10 young (20480K), 9 survivors (18432K)
 Metaspace       used 85890K, committed 86528K, reserved 1130496K
  class space    used 11473K, committed 11776K, reserved 1048576K
}
Event: 14.427 GC heap after
{Heap after GC invocations=41 (full 0):
 garbage-first heap   total 301056K, used 95374K [0x000000073e800000, 0x0000000800000000)
  region size 2048K, 2 young (4096K), 2 survivors (4096K)
 Metaspace       used 85890K, committed 86528K, reserved 1130496K
  class space    used 11473K, committed 11776K, reserved 1048576K
}
Event: 16.220 GC heap before
{Heap before GC invocations=41 (full 0):
 garbage-first heap   total 301056K, used 220302K [0x000000073e800000, 0x0000000800000000)
  region size 2048K, 63 young (129024K), 2 survivors (4096K)
 Metaspace       used 93747K, committed 94400K, reserved 1138688K
  class space    used 12629K, committed 12928K, reserved 1048576K
}
Event: 16.228 GC heap after
{Heap after GC invocations=42 (full 0):
 garbage-first heap   total 301056K, used 104918K [0x000000073e800000, 0x0000000800000000)
  region size 2048K, 6 young (12288K), 6 survivors (12288K)
 Metaspace       used 93747K, committed 94400K, reserved 1138688K
  class space    used 12629K, committed 12928K, reserved 1048576K
}
Event: 18.200 GC heap before
{Heap before GC invocations=42 (full 0):
 garbage-first heap   total 301056K, used 227798K [0x000000073e800000, 0x0000000800000000)
  region size 2048K, 66 young (135168K), 6 survivors (12288K)
 Metaspace       used 100517K, committed 101312K, reserved 1138688K
  class space    used 13664K, committed 14016K, reserved 1048576K
}
Event: 18.218 GC heap after
{Heap after GC invocations=43 (full 0):
 garbage-first heap   total 301056K, used 124476K [0x000000073e800000, 0x0000000800000000)
  region size 2048K, 9 young (18432K), 9 survivors (18432K)
 Metaspace       used 100517K, committed 101312K, reserved 1138688K
  class space    used 13664K, committed 14016K, reserved 1048576K
}
Event: 19.511 GC heap before
{Heap before GC invocations=43 (full 0):
 garbage-first heap   total 301056K, used 226876K [0x000000073e800000, 0x0000000800000000)
  region size 2048K, 59 young (120832K), 9 survivors (18432K)
 Metaspace       used 101866K, committed 102784K, reserved 1138688K
  class space    used 13825K, committed 14208K, reserved 1048576K
}
Event: 19.537 GC heap after
{Heap after GC invocations=44 (full 0):
 garbage-first heap   total 301056K, used 147960K [0x000000073e800000, 0x0000000800000000)
  region size 2048K, 8 young (16384K), 8 survivors (16384K)
 Metaspace       used 101866K, committed 102784K, reserved 1138688K
  class space    used 13825K, committed 14208K, reserved 1048576K
}
Event: 20.315 GC heap before
{Heap before GC invocations=44 (full 0):
 garbage-first heap   total 301056K, used 229880K [0x000000073e800000, 0x0000000800000000)
  region size 2048K, 48 young (98304K), 8 survivors (16384K)
 Metaspace       used 103054K, committed 104000K, reserved 1138688K
  class space    used 13953K, committed 14400K, reserved 1048576K
}
Event: 20.338 GC heap after
{Heap after GC invocations=45 (full 0):
 garbage-first heap   total 301056K, used 163060K [0x000000073e800000, 0x0000000800000000)
  region size 2048K, 6 young (12288K), 6 survivors (12288K)
 Metaspace       used 103054K, committed 104000K, reserved 1138688K
  class space    used 13953K, committed 14400K, reserved 1048576K
}
Event: 21.007 GC heap before
{Heap before GC invocations=46 (full 0):
 garbage-first heap   total 307200K, used 236788K [0x000000073e800000, 0x0000000800000000)
  region size 2048K, 42 young (86016K), 6 survivors (12288K)
 Metaspace       used 104253K, committed 105344K, reserved 1146880K
  class space    used 14139K, committed 14592K, reserved 1048576K
}
Event: 21.024 GC heap after
{Heap after GC invocations=47 (full 0):
 garbage-first heap   total 307200K, used 174679K [0x000000073e800000, 0x0000000800000000)
  region size 2048K, 5 young (10240K), 5 survivors (10240K)
 Metaspace       used 104253K, committed 105344K, reserved 1146880K
  class space    used 14139K, committed 14592K, reserved 1048576K
}
Event: 21.055 GC heap before
{Heap before GC invocations=47 (full 0):
 garbage-first heap   total 307200K, used 178775K [0x000000073e800000, 0x0000000800000000)
  region size 2048K, 7 young (14336K), 5 survivors (10240K)
 Metaspace       used 104256K, committed 105344K, reserved 1146880K
  class space    used 14139K, committed 14592K, reserved 1048576K
}
Event: 21.068 GC heap after
{Heap after GC invocations=48 (full 0):
 garbage-first heap   total 307200K, used 175658K [0x000000073e800000, 0x0000000800000000)
  region size 2048K, 1 young (2048K), 1 survivors (2048K)
 Metaspace       used 104256K, committed 105344K, reserved 1146880K
  class space    used 14139K, committed 14592K, reserved 1048576K
}
Event: 21.972 GC heap before
{Heap before GC invocations=48 (full 0):
 garbage-first heap   total 307200K, used 245290K [0x000000073e800000, 0x0000000800000000)
  region size 2048K, 35 young (71680K), 1 survivors (2048K)
 Metaspace       used 107931K, committed 109056K, reserved 1146880K
  class space    used 14759K, committed 15296K, reserved 1048576K
}

